# JRE version: OpenJDK Runtime Environment (11.0.10) (build 11.0.10+0-b96-7249189)
# Java VM: OpenJDK 64-Bit Server VM (11.0.10+0-b96-7249189, mixed mode, tiered, compressed oops, g1 gc, windows-amd64)
Heap:
 garbage-first heap   total 231424K, used 113566K [0x0000000080000000, 0x0000000100000000)
  region size 1024K, 7 young (7168K), 3 survivors (3072K)
 Metaspace       used 122118K, capacity 125275K, committed 125440K, reserved 1159168K
  class space    used 15005K, capacity 16110K, committed 16128K, reserved 1048576K
GC Heap History (20 events):
Event: 3679.866 GC heap before
{Heap before GC invocations=108 (full 0):
 garbage-first heap   total 231424K, used 169882K [0x0000000080000000, 0x0000000100000000)
  region size 1024K, 31 young (31744K), 3 survivors (3072K)
 Metaspace       used 113924K, capacity 117012K, committed 117248K, reserved 1150976K
  class space    used 14264K, capacity 15341K, committed 15360K, reserved 1048576K
}
Event: 3679.889 GC heap after
{Heap after GC invocations=109 (full 0):
 garbage-first heap   total 231424K, used 141203K [0x0000000080000000, 0x0000000100000000)
  region size 1024K, 1 young (1024K), 1 survivors (1024K)
 Metaspace       used 113924K, capacity 117012K, committed 117248K, reserved 1150976K
  class space    used 14264K, capacity 15341K, committed 15360K, reserved 1048576K
}
Event: 3680.891 GC heap before
{Heap before GC invocations=109 (full 0):
 garbage-first heap   total 231424K, used 165779K [0x0000000080000000, 0x0000000100000000)
  region size 1024K, 11 young (11264K), 1 survivors (1024K)
 Metaspace       used 114135K, capacity 117234K, committed 117248K, reserved 1150976K
  class space    used 14280K, capacity 15347K, committed 15360K, reserved 1048576K
}
Event: 3680.928 GC heap after
{Heap after GC invocations=110 (full 0):
 garbage-first heap   total 231424K, used 140738K [0x0000000080000000, 0x0000000100000000)
  region size 1024K, 2 young (2048K), 2 survivors (2048K)
 Metaspace       used 114135K, capacity 117234K, committed 117248K, reserved 1150976K
  class space    used 14280K, capacity 15347K, committed 15360K, reserved 1048576K
}
Event: 3684.467 GC heap before
{Heap before GC invocations=110 (full 0):
 garbage-first heap   total 231424K, used 173506K [0x0000000080000000, 0x0000000100000000)
  region size 1024K, 35 young (35840K), 2 survivors (2048K)
 Metaspace       used 117203K, capacity 120357K, committed 120704K, reserved 1155072K
  class space    used 14530K, capacity 15647K, committed 15744K, reserved 1048576K
}
Event: 3684.497 GC heap after
{Heap after GC invocations=111 (full 0):
 garbage-first heap   total 231424K, used 144709K [0x0000000080000000, 0x0000000100000000)
  region size 1024K, 5 young (5120K), 5 survivors (5120K)
 Metaspace       used 117203K, capacity 120357K, committed 120704K, reserved 1155072K
  class space    used 14530K, capacity 15647K, committed 15744K, reserved 1048576K
}
Event: 3687.464 GC heap before
{Heap before GC invocations=112 (full 0):
 garbage-first heap   total 231424K, used 170309K [0x0000000080000000, 0x0000000100000000)
  region size 1024K, 39 young (39936K), 5 survivors (5120K)
 Metaspace       used 117996K, capacity 121157K, committed 121472K, reserved 1155072K
  class space    used 14571K, capacity 15679K, committed 15744K, reserved 1048576K
}
Event: 3687.520 GC heap after
{Heap after GC invocations=113 (full 0):
 garbage-first heap   total 231424K, used 135044K [0x0000000080000000, 0x0000000100000000)
  region size 1024K, 1 young (1024K), 1 survivors (1024K)
 Metaspace       used 117996K, capacity 121157K, committed 121472K, reserved 1155072K
  class space    used 14571K, capacity 15679K, committed 15744K, reserved 1048576K
}
Event: 3688.377 GC heap before
{Heap before GC invocations=113 (full 0):
 garbage-first heap   total 231424K, used 145284K [0x0000000080000000, 0x0000000100000000)
  region size 1024K, 11 young (11264K), 1 survivors (1024K)
 Metaspace       used 118004K, capacity 121157K, committed 121472K, reserved 1155072K
  class space    used 14571K, capacity 15679K, committed 15744K, reserved 1048576K
}
Event: 3688.401 GC heap after
{Heap after GC invocations=114 (full 0):
 garbage-first heap   total 231424K, used 123575K [0x0000000080000000, 0x0000000100000000)
  region size 1024K, 1 young (1024K), 1 survivors (1024K)
 Metaspace       used 118004K, capacity 121157K, committed 121472K, reserved 1155072K
  class space    used 14571K, capacity 15679K, committed 15744K, reserved 1048576K
}
Event: 3689.185 GC heap before
{Heap before GC invocations=114 (full 0):
 garbage-first heap   total 231424K, used 133815K [0x0000000080000000, 0x0000000100000000)
  region size 1024K, 11 young (11264K), 1 survivors (1024K)
 Metaspace       used 118021K, capacity 121157K, committed 121472K, reserved 1155072K
  class space    used 14572K, capacity 15679K, committed 15744K, reserved 1048576K
}
Event: 3689.217 GC heap after
{Heap after GC invocations=115 (full 0):
 garbage-first heap   total 231424K, used 122618K [0x0000000080000000, 0x0000000100000000)
  region size 1024K, 1 young (1024K), 1 survivors (1024K)
 Metaspace       used 118021K, capacity 121157K, committed 121472K, reserved 1155072K
  class space    used 14572K, capacity 15679K, committed 15744K, reserved 1048576K
}
Event: 3693.386 GC heap before
{Heap before GC invocations=115 (full 0):
 garbage-first heap   total 231424K, used 166650K [0x0000000080000000, 0x0000000100000000)
  region size 1024K, 45 young (46080K), 1 survivors (1024K)
 Metaspace       used 119565K, capacity 122690K, committed 122880K, reserved 1157120K
  class space    used 14723K, capacity 15823K, committed 15872K, reserved 1048576K
}
Event: 3693.401 GC heap after
{Heap after GC invocations=116 (full 0):
 garbage-first heap   total 231424K, used 123655K [0x0000000080000000, 0x0000000100000000)
  region size 1024K, 2 young (2048K), 2 survivors (2048K)
 Metaspace       used 119565K, capacity 122690K, committed 122880K, reserved 1157120K
  class space    used 14723K, capacity 15823K, committed 15872K, reserved 1048576K
}
Event: 3704.338 GC heap before
{Heap before GC invocations=117 (full 0):
 garbage-first heap   total 231424K, used 168711K [0x0000000080000000, 0x0000000100000000)
  region size 1024K, 49 young (50176K), 2 survivors (2048K)
 Metaspace       used 120111K, capacity 123278K, committed 123392K, reserved 1157120K
  class space    used 14753K, capacity 15869K, committed 15872K, reserved 1048576K
}
Event: 3704.356 GC heap after
{Heap after GC invocations=118 (full 0):
 garbage-first heap   total 231424K, used 122288K [0x0000000080000000, 0x0000000100000000)
  region size 1024K, 2 young (2048K), 2 survivors (2048K)
 Metaspace       used 120111K, capacity 123278K, committed 123392K, reserved 1157120K
  class space    used 14753K, capacity 15869K, committed 15872K, reserved 1048576K
}
Event: 3705.178 GC heap before
{Heap before GC invocations=118 (full 0):
 garbage-first heap   total 231424K, used 130480K [0x0000000080000000, 0x0000000100000000)
  region size 1024K, 11 young (11264K), 2 survivors (2048K)
 Metaspace       used 120145K, capacity 123288K, committed 123392K, reserved 1157120K
  class space    used 14753K, capacity 15869K, committed 15872K, reserved 1048576K
}
Event: 3705.220 GC heap after
{Heap after GC invocations=119 (full 0):
 garbage-first heap   total 231424K, used 109235K [0x0000000080000000, 0x0000000100000000)
  region size 1024K, 1 young (1024K), 1 survivors (1024K)
 Metaspace       used 120145K, capacity 123288K, committed 123392K, reserved 1157120K
  class space    used 14753K, capacity 15869K, committed 15872K, reserved 1048576K
}
Event: 3709.385 GC heap before
{Heap before GC invocations=119 (full 0):
 garbage-first heap   total 231424K, used 167603K [0x0000000080000000, 0x0000000100000000)
  region size 1024K, 58 young (59392K), 1 survivors (1024K)
 Metaspace       used 121742K, capacity 124923K, committed 125184K, reserved 1159168K
  class space    used 14960K, capacity 16078K, committed 16128K, reserved 1048576K
}
Event: 3709.409 GC heap after
{Heap after GC invocations=120 (full 0):
 garbage-first heap   total 231424K, used 110494K [0x0000000080000000, 0x0000000100000000)
  region size 1024K, 3 young (3072K), 3 survivors (3072K)
 Metaspace       used 121742K, capacity 124923K, committed 125184K, reserved 1159168K
  class space    used 14960K, capacity 16078K, committed 16128K, reserved 1048576K
}

